[13-Jun-2025 05:53:45 UTC] PHP Fatal error:  Uncaught RuntimeException: Unable to release actions from claim id 0. in /home/tomsher2022/junior-salon.tomsher.net/wp-content/plugins/action-scheduler/classes/data-stores/ActionScheduler_DBStore.php:1128
Stack trace:
#0 /home/tomsher2022/junior-salon.tomsher.net/wp-content/plugins/action-scheduler/classes/ActionScheduler_QueueRunner.php(195): ActionScheduler_DBStore->release_claim(Object(ActionScheduler_ActionClaim))
#1 /home/tomsher2022/junior-salon.tomsher.net/wp-content/plugins/action-scheduler/classes/ActionScheduler_QueueRunner.php(158): ActionScheduler_QueueRunner->do_batch(25, 'WP Cron')
#2 /home/tomsher2022/junior-salon.tomsher.net/wp-includes/class-wp-hook.php(324): ActionScheduler_QueueRunner->run('WP Cron')
#3 /home/tomsher2022/junior-salon.tomsher.net/wp-includes/class-wp-hook.php(348): WP_Hook->apply_filters('', Array)
#4 /home/tomsher2022/junior-salon.tomsher.net/wp-includes/plugin.php(565): WP_Hook->do_action(Array)
#5 /home/tomsher2022/junior-salon.tomsher.net/wp-cron.php(191): do_action_ref_array('action_schedule...', Array)
#6 {main}
  thrown in /home/tomsher2022/junior-salon.tomsher.net/wp-content/plugins/action-scheduler/classes/data-stores/ActionScheduler_DBStore.php on line 1128
[13-Jun-2025 05:53:45 UTC] PHP Fatal error:  Uncaught RuntimeException: Unable to release actions from claim id 0. in /home/tomsher2022/junior-salon.tomsher.net/wp-content/plugins/action-scheduler/classes/data-stores/ActionScheduler_DBStore.php:1128
Stack trace:
#0 /home/tomsher2022/junior-salon.tomsher.net/wp-content/plugins/action-scheduler/classes/ActionScheduler_FatalErrorMonitor.php(95): ActionScheduler_DBStore->release_claim(Object(ActionScheduler_ActionClaim))
#1 /home/tomsher2022/junior-salon.tomsher.net/wp-includes/class-wp-hook.php(324): ActionScheduler_FatalErrorMonitor->handle_unexpected_shutdown('')
#2 /home/tomsher2022/junior-salon.tomsher.net/wp-includes/class-wp-hook.php(348): WP_Hook->apply_filters(NULL, Array)
#3 /home/tomsher2022/junior-salon.tomsher.net/wp-includes/plugin.php(517): WP_Hook->do_action(Array)
#4 /home/tomsher2022/junior-salon.tomsher.net/wp-includes/load.php(1304): do_action('shutdown')
#5 [internal function]: shutdown_action_hook()
#6 {main}
  thrown in /home/tomsher2022/junior-salon.tomsher.net/wp-content/plugins/action-scheduler/classes/data-stores/ActionScheduler_DBStore.php on line 1128
[13-Jun-2025 05:56:35 UTC] PHP Fatal error:  Uncaught RuntimeException: Unable to release actions from claim id 0. in /home/tomsher2022/junior-salon.tomsher.net/wp-content/plugins/action-scheduler/classes/data-stores/ActionScheduler_DBStore.php:1128
Stack trace:
#0 /home/tomsher2022/junior-salon.tomsher.net/wp-content/plugins/action-scheduler/classes/ActionScheduler_QueueRunner.php(195): ActionScheduler_DBStore->release_claim(Object(ActionScheduler_ActionClaim))
#1 /home/tomsher2022/junior-salon.tomsher.net/wp-content/plugins/action-scheduler/classes/ActionScheduler_QueueRunner.php(158): ActionScheduler_QueueRunner->do_batch(25, 'WP Cron')
#2 /home/tomsher2022/junior-salon.tomsher.net/wp-includes/class-wp-hook.php(324): ActionScheduler_QueueRunner->run('WP Cron')
#3 /home/tomsher2022/junior-salon.tomsher.net/wp-includes/class-wp-hook.php(348): WP_Hook->apply_filters('', Array)
#4 /home/tomsher2022/junior-salon.tomsher.net/wp-includes/plugin.php(565): WP_Hook->do_action(Array)
#5 /home/tomsher2022/junior-salon.tomsher.net/wp-cron.php(191): do_action_ref_array('action_schedule...', Array)
#6 {main}
  thrown in /home/tomsher2022/junior-salon.tomsher.net/wp-content/plugins/action-scheduler/classes/data-stores/ActionScheduler_DBStore.php on line 1128
[13-Jun-2025 05:56:35 UTC] PHP Fatal error:  Uncaught RuntimeException: Unable to release actions from claim id 0. in /home/tomsher2022/junior-salon.tomsher.net/wp-content/plugins/action-scheduler/classes/data-stores/ActionScheduler_DBStore.php:1128
Stack trace:
#0 /home/tomsher2022/junior-salon.tomsher.net/wp-content/plugins/action-scheduler/classes/ActionScheduler_FatalErrorMonitor.php(95): ActionScheduler_DBStore->release_claim(Object(ActionScheduler_ActionClaim))
#1 /home/tomsher2022/junior-salon.tomsher.net/wp-includes/class-wp-hook.php(324): ActionScheduler_FatalErrorMonitor->handle_unexpected_shutdown('')
#2 /home/tomsher2022/junior-salon.tomsher.net/wp-includes/class-wp-hook.php(348): WP_Hook->apply_filters(NULL, Array)
#3 /home/tomsher2022/junior-salon.tomsher.net/wp-includes/plugin.php(517): WP_Hook->do_action(Array)
#4 /home/tomsher2022/junior-salon.tomsher.net/wp-includes/load.php(1304): do_action('shutdown')
#5 [internal function]: shutdown_action_hook()
#6 {main}
  thrown in /home/tomsher2022/junior-salon.tomsher.net/wp-content/plugins/action-scheduler/classes/data-stores/ActionScheduler_DBStore.php on line 1128
[13-Jun-2025 05:58:36 UTC] PHP Fatal error:  Uncaught RuntimeException: Unable to release actions from claim id 0. in /home/tomsher2022/junior-salon.tomsher.net/wp-content/plugins/action-scheduler/classes/data-stores/ActionScheduler_DBStore.php:1128
Stack trace:
#0 /home/tomsher2022/junior-salon.tomsher.net/wp-content/plugins/action-scheduler/classes/ActionScheduler_QueueRunner.php(195): ActionScheduler_DBStore->release_claim(Object(ActionScheduler_ActionClaim))
#1 /home/tomsher2022/junior-salon.tomsher.net/wp-content/plugins/action-scheduler/classes/ActionScheduler_QueueRunner.php(158): ActionScheduler_QueueRunner->do_batch(25, 'WP Cron')
#2 /home/tomsher2022/junior-salon.tomsher.net/wp-includes/class-wp-hook.php(324): ActionScheduler_QueueRunner->run('WP Cron')
#3 /home/tomsher2022/junior-salon.tomsher.net/wp-includes/class-wp-hook.php(348): WP_Hook->apply_filters('', Array)
#4 /home/tomsher2022/junior-salon.tomsher.net/wp-includes/plugin.php(565): WP_Hook->do_action(Array)
#5 /home/tomsher2022/junior-salon.tomsher.net/wp-cron.php(191): do_action_ref_array('action_schedule...', Array)
#6 {main}
  thrown in /home/tomsher2022/junior-salon.tomsher.net/wp-content/plugins/action-scheduler/classes/data-stores/ActionScheduler_DBStore.php on line 1128
[13-Jun-2025 05:58:36 UTC] PHP Fatal error:  Uncaught RuntimeException: Unable to release actions from claim id 0. in /home/tomsher2022/junior-salon.tomsher.net/wp-content/plugins/action-scheduler/classes/data-stores/ActionScheduler_DBStore.php:1128
Stack trace:
#0 /home/tomsher2022/junior-salon.tomsher.net/wp-content/plugins/action-scheduler/classes/ActionScheduler_FatalErrorMonitor.php(95): ActionScheduler_DBStore->release_claim(Object(ActionScheduler_ActionClaim))
#1 /home/tomsher2022/junior-salon.tomsher.net/wp-includes/class-wp-hook.php(324): ActionScheduler_FatalErrorMonitor->handle_unexpected_shutdown('')
#2 /home/tomsher2022/junior-salon.tomsher.net/wp-includes/class-wp-hook.php(348): WP_Hook->apply_filters(NULL, Array)
#3 /home/tomsher2022/junior-salon.tomsher.net/wp-includes/plugin.php(517): WP_Hook->do_action(Array)
#4 /home/tomsher2022/junior-salon.tomsher.net/wp-includes/load.php(1304): do_action('shutdown')
#5 [internal function]: shutdown_action_hook()
#6 {main}
  thrown in /home/tomsher2022/junior-salon.tomsher.net/wp-content/plugins/action-scheduler/classes/data-stores/ActionScheduler_DBStore.php on line 1128
[13-Jun-2025 06:00:37 UTC] PHP Fatal error:  Uncaught RuntimeException: Unable to release actions from claim id 0. in /home/tomsher2022/junior-salon.tomsher.net/wp-content/plugins/action-scheduler/classes/data-stores/ActionScheduler_DBStore.php:1128
Stack trace:
#0 /home/tomsher2022/junior-salon.tomsher.net/wp-content/plugins/action-scheduler/classes/ActionScheduler_QueueRunner.php(195): ActionScheduler_DBStore->release_claim(Object(ActionScheduler_ActionClaim))
#1 /home/tomsher2022/junior-salon.tomsher.net/wp-content/plugins/action-scheduler/classes/ActionScheduler_QueueRunner.php(158): ActionScheduler_QueueRunner->do_batch(25, 'WP Cron')
#2 /home/tomsher2022/junior-salon.tomsher.net/wp-includes/class-wp-hook.php(324): ActionScheduler_QueueRunner->run('WP Cron')
#3 /home/tomsher2022/junior-salon.tomsher.net/wp-includes/class-wp-hook.php(348): WP_Hook->apply_filters('', Array)
#4 /home/tomsher2022/junior-salon.tomsher.net/wp-includes/plugin.php(565): WP_Hook->do_action(Array)
#5 /home/tomsher2022/junior-salon.tomsher.net/wp-cron.php(191): do_action_ref_array('action_schedule...', Array)
#6 {main}
  thrown in /home/tomsher2022/junior-salon.tomsher.net/wp-content/plugins/action-scheduler/classes/data-stores/ActionScheduler_DBStore.php on line 1128
[13-Jun-2025 06:00:37 UTC] PHP Fatal error:  Uncaught RuntimeException: Unable to release actions from claim id 0. in /home/tomsher2022/junior-salon.tomsher.net/wp-content/plugins/action-scheduler/classes/data-stores/ActionScheduler_DBStore.php:1128
Stack trace:
#0 /home/tomsher2022/junior-salon.tomsher.net/wp-content/plugins/action-scheduler/classes/ActionScheduler_FatalErrorMonitor.php(95): ActionScheduler_DBStore->release_claim(Object(ActionScheduler_ActionClaim))
#1 /home/tomsher2022/junior-salon.tomsher.net/wp-includes/class-wp-hook.php(324): ActionScheduler_FatalErrorMonitor->handle_unexpected_shutdown('')
#2 /home/tomsher2022/junior-salon.tomsher.net/wp-includes/class-wp-hook.php(348): WP_Hook->apply_filters(NULL, Array)
#3 /home/tomsher2022/junior-salon.tomsher.net/wp-includes/plugin.php(517): WP_Hook->do_action(Array)
#4 /home/tomsher2022/junior-salon.tomsher.net/wp-includes/load.php(1304): do_action('shutdown')
#5 [internal function]: shutdown_action_hook()
#6 {main}
  thrown in /home/tomsher2022/junior-salon.tomsher.net/wp-content/plugins/action-scheduler/classes/data-stores/ActionScheduler_DBStore.php on line 1128
[13-Jun-2025 06:01:45 UTC] PHP Fatal error:  Uncaught RuntimeException: Unable to release actions from claim id 0. in /home/tomsher2022/junior-salon.tomsher.net/wp-content/plugins/action-scheduler/classes/data-stores/ActionScheduler_DBStore.php:1128
Stack trace:
#0 /home/tomsher2022/junior-salon.tomsher.net/wp-content/plugins/action-scheduler/classes/ActionScheduler_QueueRunner.php(195): ActionScheduler_DBStore->release_claim(Object(ActionScheduler_ActionClaim))
#1 /home/tomsher2022/junior-salon.tomsher.net/wp-content/plugins/action-scheduler/classes/ActionScheduler_QueueRunner.php(158): ActionScheduler_QueueRunner->do_batch(25, 'WP Cron')
#2 /home/tomsher2022/junior-salon.tomsher.net/wp-includes/class-wp-hook.php(324): ActionScheduler_QueueRunner->run('WP Cron')
#3 /home/tomsher2022/junior-salon.tomsher.net/wp-includes/class-wp-hook.php(348): WP_Hook->apply_filters('', Array)
#4 /home/tomsher2022/junior-salon.tomsher.net/wp-includes/plugin.php(565): WP_Hook->do_action(Array)
#5 /home/tomsher2022/junior-salon.tomsher.net/wp-cron.php(191): do_action_ref_array('action_schedule...', Array)
#6 {main}
  thrown in /home/tomsher2022/junior-salon.tomsher.net/wp-content/plugins/action-scheduler/classes/data-stores/ActionScheduler_DBStore.php on line 1128
[13-Jun-2025 06:01:45 UTC] PHP Fatal error:  Uncaught RuntimeException: Unable to release actions from claim id 0. in /home/tomsher2022/junior-salon.tomsher.net/wp-content/plugins/action-scheduler/classes/data-stores/ActionScheduler_DBStore.php:1128
Stack trace:
#0 /home/tomsher2022/junior-salon.tomsher.net/wp-content/plugins/action-scheduler/classes/ActionScheduler_FatalErrorMonitor.php(95): ActionScheduler_DBStore->release_claim(Object(ActionScheduler_ActionClaim))
#1 /home/tomsher2022/junior-salon.tomsher.net/wp-includes/class-wp-hook.php(324): ActionScheduler_FatalErrorMonitor->handle_unexpected_shutdown('')
#2 /home/tomsher2022/junior-salon.tomsher.net/wp-includes/class-wp-hook.php(348): WP_Hook->apply_filters(NULL, Array)
#3 /home/tomsher2022/junior-salon.tomsher.net/wp-includes/plugin.php(517): WP_Hook->do_action(Array)
#4 /home/tomsher2022/junior-salon.tomsher.net/wp-includes/load.php(1304): do_action('shutdown')
#5 [internal function]: shutdown_action_hook()
#6 {main}
  thrown in /home/tomsher2022/junior-salon.tomsher.net/wp-content/plugins/action-scheduler/classes/data-stores/ActionScheduler_DBStore.php on line 1128
[13-Jun-2025 06:02:52 UTC] PHP Fatal error:  Uncaught RuntimeException: Unable to release actions from claim id 0. in /home/tomsher2022/junior-salon.tomsher.net/wp-content/plugins/action-scheduler/classes/data-stores/ActionScheduler_DBStore.php:1128
Stack trace:
#0 /home/tomsher2022/junior-salon.tomsher.net/wp-content/plugins/action-scheduler/classes/ActionScheduler_QueueRunner.php(195): ActionScheduler_DBStore->release_claim(Object(ActionScheduler_ActionClaim))
#1 /home/tomsher2022/junior-salon.tomsher.net/wp-content/plugins/action-scheduler/classes/ActionScheduler_QueueRunner.php(158): ActionScheduler_QueueRunner->do_batch(25, 'WP Cron')
#2 /home/tomsher2022/junior-salon.tomsher.net/wp-includes/class-wp-hook.php(324): ActionScheduler_QueueRunner->run('WP Cron')
#3 /home/tomsher2022/junior-salon.tomsher.net/wp-includes/class-wp-hook.php(348): WP_Hook->apply_filters('', Array)
#4 /home/tomsher2022/junior-salon.tomsher.net/wp-includes/plugin.php(565): WP_Hook->do_action(Array)
#5 /home/tomsher2022/junior-salon.tomsher.net/wp-cron.php(191): do_action_ref_array('action_schedule...', Array)
#6 {main}
  thrown in /home/tomsher2022/junior-salon.tomsher.net/wp-content/plugins/action-scheduler/classes/data-stores/ActionScheduler_DBStore.php on line 1128
[13-Jun-2025 06:02:52 UTC] PHP Fatal error:  Uncaught RuntimeException: Unable to release actions from claim id 0. in /home/tomsher2022/junior-salon.tomsher.net/wp-content/plugins/action-scheduler/classes/data-stores/ActionScheduler_DBStore.php:1128
Stack trace:
#0 /home/tomsher2022/junior-salon.tomsher.net/wp-content/plugins/action-scheduler/classes/ActionScheduler_FatalErrorMonitor.php(95): ActionScheduler_DBStore->release_claim(Object(ActionScheduler_ActionClaim))
#1 /home/tomsher2022/junior-salon.tomsher.net/wp-includes/class-wp-hook.php(324): ActionScheduler_FatalErrorMonitor->handle_unexpected_shutdown('')
#2 /home/tomsher2022/junior-salon.tomsher.net/wp-includes/class-wp-hook.php(348): WP_Hook->apply_filters(NULL, Array)
#3 /home/tomsher2022/junior-salon.tomsher.net/wp-includes/plugin.php(517): WP_Hook->do_action(Array)
#4 /home/tomsher2022/junior-salon.tomsher.net/wp-includes/load.php(1304): do_action('shutdown')
#5 [internal function]: shutdown_action_hook()
#6 {main}
  thrown in /home/tomsher2022/junior-salon.tomsher.net/wp-content/plugins/action-scheduler/classes/data-stores/ActionScheduler_DBStore.php on line 1128
[13-Jun-2025 06:04:05 UTC] WordPress database error Duplicate entry '0' for key 'PRIMARY' for query INSERT INTO `qg6dosyx_actionscheduler_claims` (`date_created_gmt`) VALUES ('2025-06-13 06:04:05') made by do_action('wp_ajax_as_async_request_queue_runner'), WP_Hook->do_action, WP_Hook->apply_filters, WP_Async_Request->maybe_handle, ActionScheduler_AsyncRequest_QueueRunner->handle, do_action('action_scheduler_run_queue'), WP_Hook->do_action, WP_Hook->apply_filters, ActionScheduler_QueueRunner->run, ActionScheduler_QueueRunner->do_batch, ActionScheduler_DBStore->stake_claim, ActionScheduler_DBStore->generate_claim_id
[13-Jun-2025 06:04:06 UTC] PHP Fatal error:  Uncaught RuntimeException: Unable to release actions from claim id 0. in /home/tomsher2022/junior-salon.tomsher.net/wp-content/plugins/action-scheduler/classes/data-stores/ActionScheduler_DBStore.php:1128
Stack trace:
#0 /home/tomsher2022/junior-salon.tomsher.net/wp-content/plugins/action-scheduler/classes/ActionScheduler_QueueRunner.php(195): ActionScheduler_DBStore->release_claim(Object(ActionScheduler_ActionClaim))
#1 /home/tomsher2022/junior-salon.tomsher.net/wp-content/plugins/action-scheduler/classes/ActionScheduler_QueueRunner.php(158): ActionScheduler_QueueRunner->do_batch(25, 'WP Cron')
#2 /home/tomsher2022/junior-salon.tomsher.net/wp-includes/class-wp-hook.php(324): ActionScheduler_QueueRunner->run('WP Cron')
#3 /home/tomsher2022/junior-salon.tomsher.net/wp-includes/class-wp-hook.php(348): WP_Hook->apply_filters('', Array)
#4 /home/tomsher2022/junior-salon.tomsher.net/wp-includes/plugin.php(565): WP_Hook->do_action(Array)
#5 /home/tomsher2022/junior-salon.tomsher.net/wp-cron.php(191): do_action_ref_array('action_schedule...', Array)
#6 {main}
  thrown in /home/tomsher2022/junior-salon.tomsher.net/wp-content/plugins/action-scheduler/classes/data-stores/ActionScheduler_DBStore.php on line 1128
[13-Jun-2025 06:04:06 UTC] PHP Fatal error:  Uncaught RuntimeException: Unable to release actions from claim id 0. in /home/tomsher2022/junior-salon.tomsher.net/wp-content/plugins/action-scheduler/classes/data-stores/ActionScheduler_DBStore.php:1128
Stack trace:
#0 /home/tomsher2022/junior-salon.tomsher.net/wp-content/plugins/action-scheduler/classes/ActionScheduler_FatalErrorMonitor.php(95): ActionScheduler_DBStore->release_claim(Object(ActionScheduler_ActionClaim))
#1 /home/tomsher2022/junior-salon.tomsher.net/wp-includes/class-wp-hook.php(324): ActionScheduler_FatalErrorMonitor->handle_unexpected_shutdown('')
#2 /home/tomsher2022/junior-salon.tomsher.net/wp-includes/class-wp-hook.php(348): WP_Hook->apply_filters(NULL, Array)
#3 /home/tomsher2022/junior-salon.tomsher.net/wp-includes/plugin.php(517): WP_Hook->do_action(Array)
#4 /home/tomsher2022/junior-salon.tomsher.net/wp-includes/load.php(1304): do_action('shutdown')
#5 [internal function]: shutdown_action_hook()
#6 {main}
  thrown in /home/tomsher2022/junior-salon.tomsher.net/wp-content/plugins/action-scheduler/classes/data-stores/ActionScheduler_DBStore.php on line 1128
[13-Jun-2025 06:04:07 UTC] PHP Fatal error:  Uncaught RuntimeException: Unable to release actions from claim id 0. in /home/tomsher2022/junior-salon.tomsher.net/wp-content/plugins/action-scheduler/classes/data-stores/ActionScheduler_DBStore.php:1128
Stack trace:
#0 /home/tomsher2022/junior-salon.tomsher.net/wp-content/plugins/action-scheduler/classes/ActionScheduler_QueueRunner.php(195): ActionScheduler_DBStore->release_claim(Object(ActionScheduler_ActionClaim))
#1 /home/tomsher2022/junior-salon.tomsher.net/wp-content/plugins/action-scheduler/classes/ActionScheduler_QueueRunner.php(158): ActionScheduler_QueueRunner->do_batch(25, 'Async Request')
#2 /home/tomsher2022/junior-salon.tomsher.net/wp-includes/class-wp-hook.php(324): ActionScheduler_QueueRunner->run('Async Request')
#3 /home/tomsher2022/junior-salon.tomsher.net/wp-includes/class-wp-hook.php(348): WP_Hook->apply_filters('', Array)
#4 /home/tomsher2022/junior-salon.tomsher.net/wp-includes/plugin.php(517): WP_Hook->do_action(Array)
#5 /home/tomsher2022/junior-salon.tomsher.net/wp-content/plugins/action-scheduler/classes/ActionScheduler_AsyncRequest_QueueRunner.php(48): do_action('action_schedule...', 'Async Request')
#6 /home/tomsher2022/junior-salon.tomsher.net/wp-content/plugins/woocommerce/includes/libraries/wp-async-request.php(147): ActionScheduler_AsyncRequest_QueueRunner->handle()
#7 /home/tomsher2022/junior-salon.tomsher.net/wp-includes/class-wp-hook.php(324): WP_Async_Request->maybe_handle('')
#8 /home/tomsher2022/junior-salon.tomsher.net/wp-includes/class-wp-hook.php(348): WP_Hook->apply_filters('', Array)
#9 /home/tomsher2022/junior-salon.tomsher.net/wp-includes/plugin.php(517): WP_Hook->do_action(Array)
#10 /home/tomsher2022/junior-salon.tomsher.net/wp-admin/admin-ajax.php(192): do_action('wp_ajax_as_asyn...')
#11 {main}
  thrown in /home/tomsher2022/junior-salon.tomsher.net/wp-content/plugins/action-scheduler/classes/data-stores/ActionScheduler_DBStore.php on line 1128
[13-Jun-2025 06:04:07 UTC] PHP Fatal error:  Uncaught RuntimeException: Unable to release actions from claim id 0. in /home/tomsher2022/junior-salon.tomsher.net/wp-content/plugins/action-scheduler/classes/data-stores/ActionScheduler_DBStore.php:1128
Stack trace:
#0 /home/tomsher2022/junior-salon.tomsher.net/wp-content/plugins/action-scheduler/classes/ActionScheduler_FatalErrorMonitor.php(95): ActionScheduler_DBStore->release_claim(Object(ActionScheduler_ActionClaim))
#1 /home/tomsher2022/junior-salon.tomsher.net/wp-includes/class-wp-hook.php(324): ActionScheduler_FatalErrorMonitor->handle_unexpected_shutdown('')
#2 /home/tomsher2022/junior-salon.tomsher.net/wp-includes/class-wp-hook.php(348): WP_Hook->apply_filters(NULL, Array)
#3 /home/tomsher2022/junior-salon.tomsher.net/wp-includes/plugin.php(517): WP_Hook->do_action(Array)
#4 /home/tomsher2022/junior-salon.tomsher.net/wp-includes/load.php(1304): do_action('shutdown')
#5 [internal function]: shutdown_action_hook()
#6 {main}
  thrown in /home/tomsher2022/junior-salon.tomsher.net/wp-content/plugins/action-scheduler/classes/data-stores/ActionScheduler_DBStore.php on line 1128
[13-Jun-2025 06:05:12 UTC] PHP Fatal error:  Uncaught RuntimeException: Unable to release actions from claim id 0. in /home/tomsher2022/junior-salon.tomsher.net/wp-content/plugins/action-scheduler/classes/data-stores/ActionScheduler_DBStore.php:1128
Stack trace:
#0 /home/tomsher2022/junior-salon.tomsher.net/wp-content/plugins/action-scheduler/classes/ActionScheduler_QueueRunner.php(195): ActionScheduler_DBStore->release_claim(Object(ActionScheduler_ActionClaim))
#1 /home/tomsher2022/junior-salon.tomsher.net/wp-content/plugins/action-scheduler/classes/ActionScheduler_QueueRunner.php(158): ActionScheduler_QueueRunner->do_batch(25, 'WP Cron')
#2 /home/tomsher2022/junior-salon.tomsher.net/wp-includes/class-wp-hook.php(324): ActionScheduler_QueueRunner->run('WP Cron')
#3 /home/tomsher2022/junior-salon.tomsher.net/wp-includes/class-wp-hook.php(348): WP_Hook->apply_filters('', Array)
#4 /home/tomsher2022/junior-salon.tomsher.net/wp-includes/plugin.php(565): WP_Hook->do_action(Array)
#5 /home/tomsher2022/junior-salon.tomsher.net/wp-cron.php(191): do_action_ref_array('action_schedule...', Array)
#6 {main}
  thrown in /home/tomsher2022/junior-salon.tomsher.net/wp-content/plugins/action-scheduler/classes/data-stores/ActionScheduler_DBStore.php on line 1128
[13-Jun-2025 06:05:12 UTC] PHP Fatal error:  Uncaught RuntimeException: Unable to release actions from claim id 0. in /home/tomsher2022/junior-salon.tomsher.net/wp-content/plugins/action-scheduler/classes/data-stores/ActionScheduler_DBStore.php:1128
Stack trace:
#0 /home/tomsher2022/junior-salon.tomsher.net/wp-content/plugins/action-scheduler/classes/ActionScheduler_FatalErrorMonitor.php(95): ActionScheduler_DBStore->release_claim(Object(ActionScheduler_ActionClaim))
#1 /home/tomsher2022/junior-salon.tomsher.net/wp-includes/class-wp-hook.php(324): ActionScheduler_FatalErrorMonitor->handle_unexpected_shutdown('')
#2 /home/tomsher2022/junior-salon.tomsher.net/wp-includes/class-wp-hook.php(348): WP_Hook->apply_filters(NULL, Array)
#3 /home/tomsher2022/junior-salon.tomsher.net/wp-includes/plugin.php(517): WP_Hook->do_action(Array)
#4 /home/tomsher2022/junior-salon.tomsher.net/wp-includes/load.php(1304): do_action('shutdown')
#5 [internal function]: shutdown_action_hook()
#6 {main}
  thrown in /home/tomsher2022/junior-salon.tomsher.net/wp-content/plugins/action-scheduler/classes/data-stores/ActionScheduler_DBStore.php on line 1128
[13-Jun-2025 06:41:04 UTC] PHP Fatal error:  Uncaught RuntimeException: Unable to release actions from claim id 0. in C:\xampp\htdocs\js-dev\wp-content\plugins\action-scheduler\classes\data-stores\ActionScheduler_DBStore.php:1128
Stack trace:
#0 C:\xampp\htdocs\js-dev\wp-content\plugins\action-scheduler\classes\ActionScheduler_QueueRunner.php(195): ActionScheduler_DBStore->release_claim(Object(ActionScheduler_ActionClaim))
#1 C:\xampp\htdocs\js-dev\wp-content\plugins\action-scheduler\classes\ActionScheduler_QueueRunner.php(158): ActionScheduler_QueueRunner->do_batch(25, 'WP Cron')
#2 C:\xampp\htdocs\js-dev\wp-includes\class-wp-hook.php(324): ActionScheduler_QueueRunner->run('WP Cron')
#3 C:\xampp\htdocs\js-dev\wp-includes\class-wp-hook.php(348): WP_Hook->apply_filters('', Array)
#4 C:\xampp\htdocs\js-dev\wp-includes\plugin.php(565): WP_Hook->do_action(Array)
#5 C:\xampp\htdocs\js-dev\wp-cron.php(191): do_action_ref_array('action_schedule...', Array)
#6 {main}
  thrown in C:\xampp\htdocs\js-dev\wp-content\plugins\action-scheduler\classes\data-stores\ActionScheduler_DBStore.php on line 1128
[13-Jun-2025 06:41:04 UTC] PHP Fatal error:  Uncaught RuntimeException: Unable to release actions from claim id 0. in C:\xampp\htdocs\js-dev\wp-content\plugins\action-scheduler\classes\data-stores\ActionScheduler_DBStore.php:1128
Stack trace:
#0 C:\xampp\htdocs\js-dev\wp-content\plugins\action-scheduler\classes\ActionScheduler_FatalErrorMonitor.php(95): ActionScheduler_DBStore->release_claim(Object(ActionScheduler_ActionClaim))
#1 C:\xampp\htdocs\js-dev\wp-includes\class-wp-hook.php(324): ActionScheduler_FatalErrorMonitor->handle_unexpected_shutdown('')
#2 C:\xampp\htdocs\js-dev\wp-includes\class-wp-hook.php(348): WP_Hook->apply_filters(NULL, Array)
#3 C:\xampp\htdocs\js-dev\wp-includes\plugin.php(517): WP_Hook->do_action(Array)
#4 C:\xampp\htdocs\js-dev\wp-includes\load.php(1304): do_action('shutdown')
#5 [internal function]: shutdown_action_hook()
#6 {main}
  thrown in C:\xampp\htdocs\js-dev\wp-content\plugins\action-scheduler\classes\data-stores\ActionScheduler_DBStore.php on line 1128
